# This is the CMakeCache file.
# For build in directory: d:/GitHub/FastPlanner/files/nlopt-master/build
# It was generated by CMake: C:/Program Files/CMake/bin/cmake.exe
# You can edit this file to change values found and used by cmake.
# If you do not want to change any of the values, simply exit the editor.
# If you do want to change a value, simply edit, save, and exit the editor.
# The syntax for the file is as follows:
# KEY:TYPE=VALUE
# KEY is the name of a variable in the cache.
# TYPE is a hint to GUIs for the type of VALUE, DO NOT EDIT TYPE!.
# VALUE is the current value for the KEY.

########################
# EXTERNAL cache entries
########################

//Build NLopt as a shared library
BUILD_SHARED_LIBS:BOOL=ON

//Path to a program.
CMAKE_AR:FILEPATH=C:/Program Files/Microsoft Visual Studio/2022/Community/VC/Tools/MSVC/14.44.35207/bin/Hostx64/x64/lib.exe

//Build type
CMAKE_BUILD_TYPE:STRING=Release

//Semicolon separated list of supported configuration types, only
// supports Debug, Release, MinSizeRel, and RelWithDebInfo, anything
// else will be ignored.
CMAKE_CONFIGURATION_TYPES:STRING=Debug;Release;MinSizeRel;RelWithDebInfo

//Flags used by the CXX compiler during all build types.
CMAKE_CXX_FLAGS:STRING=/DWIN32 /D_WINDOWS /GR /EHsc

//Flags used by the CXX compiler during DEBUG builds.
CMAKE_CXX_FLAGS_DEBUG:STRING=/Zi /Ob0 /Od /RTC1

//Flags used by the CXX compiler during MINSIZEREL builds.
CMAKE_CXX_FLAGS_MINSIZEREL:STRING=/O1 /Ob1 /DNDEBUG

//Flags used by the CXX compiler during RELEASE builds.
CMAKE_CXX_FLAGS_RELEASE:STRING=/O2 /Ob2 /DNDEBUG

//Flags used by the CXX compiler during RELWITHDEBINFO builds.
CMAKE_CXX_FLAGS_RELWITHDEBINFO:STRING=/Zi /O2 /Ob1 /DNDEBUG

//Libraries linked by default with all C++ applications.
CMAKE_CXX_STANDARD_LIBRARIES:STRING=kernel32.lib user32.lib gdi32.lib winspool.lib shell32.lib ole32.lib oleaut32.lib uuid.lib comdlg32.lib advapi32.lib

//Flags used by the C compiler during all build types.
CMAKE_C_FLAGS:STRING=/DWIN32 /D_WINDOWS

//Flags used by the C compiler during DEBUG builds.
CMAKE_C_FLAGS_DEBUG:STRING=/Zi /Ob0 /Od /RTC1

//Flags used by the C compiler during MINSIZEREL builds.
CMAKE_C_FLAGS_MINSIZEREL:STRING=/O1 /Ob1 /DNDEBUG

//Flags used by the C compiler during RELEASE builds.
CMAKE_C_FLAGS_RELEASE:STRING=/O2 /Ob2 /DNDEBUG

//Flags used by the C compiler during RELWITHDEBINFO builds.
CMAKE_C_FLAGS_RELWITHDEBINFO:STRING=/Zi /O2 /Ob1 /DNDEBUG

//Libraries linked by default with all C applications.
CMAKE_C_STANDARD_LIBRARIES:STRING=kernel32.lib user32.lib gdi32.lib winspool.lib shell32.lib ole32.lib oleaut32.lib uuid.lib comdlg32.lib advapi32.lib

//Flags used by the linker during all build types.
CMAKE_EXE_LINKER_FLAGS:STRING=/machine:x64

//Flags used by the linker during DEBUG builds.
CMAKE_EXE_LINKER_FLAGS_DEBUG:STRING=/debug /INCREMENTAL

//Flags used by the linker during MINSIZEREL builds.
CMAKE_EXE_LINKER_FLAGS_MINSIZEREL:STRING=/INCREMENTAL:NO

//Flags used by the linker during RELEASE builds.
CMAKE_EXE_LINKER_FLAGS_RELEASE:STRING=/INCREMENTAL:NO

//Flags used by the linker during RELWITHDEBINFO builds.
CMAKE_EXE_LINKER_FLAGS_RELWITHDEBINFO:STRING=/debug /INCREMENTAL

//Value Computed by CMake.
CMAKE_FIND_PACKAGE_REDIRECTS_DIR:STATIC=D:/GitHub/FastPlanner/files/nlopt-master/build/CMakeFiles/pkgRedirects

//User executables (bin)
CMAKE_INSTALL_BINDIR:PATH=bin

//Read-only architecture-independent data (DATAROOTDIR)
CMAKE_INSTALL_DATADIR:PATH=

//Read-only architecture-independent data root (share)
CMAKE_INSTALL_DATAROOTDIR:PATH=share

//Documentation root (DATAROOTDIR/doc/PROJECT_NAME)
CMAKE_INSTALL_DOCDIR:PATH=

//C header files (include)
CMAKE_INSTALL_INCLUDEDIR:PATH=include

//Info documentation (DATAROOTDIR/info)
CMAKE_INSTALL_INFODIR:PATH=

//Object code libraries (lib)
CMAKE_INSTALL_LIBDIR:PATH=lib

//Program executables (libexec)
CMAKE_INSTALL_LIBEXECDIR:PATH=libexec

//Locale-dependent data (DATAROOTDIR/locale)
CMAKE_INSTALL_LOCALEDIR:PATH=

//Modifiable single-machine data (var)
CMAKE_INSTALL_LOCALSTATEDIR:PATH=var

//Man documentation (DATAROOTDIR/man)
CMAKE_INSTALL_MANDIR:PATH=

//C header files for non-gcc (/usr/include)
CMAKE_INSTALL_OLDINCLUDEDIR:PATH=/usr/include

//Install path prefix, prepended onto install directories.
CMAKE_INSTALL_PREFIX:PATH=D:/GitHub/FastPlanner/$nlopt_install

//rpath
CMAKE_INSTALL_RPATH:PATH=D:/GitHub/FastPlanner/third_party/nlopt/lib

//use link path
CMAKE_INSTALL_RPATH_USE_LINK_PATH:BOOL=TRUE

//Run-time variable data (LOCALSTATEDIR/run)
CMAKE_INSTALL_RUNSTATEDIR:PATH=

//System admin executables (sbin)
CMAKE_INSTALL_SBINDIR:PATH=sbin

//Modifiable architecture-independent data (com)
CMAKE_INSTALL_SHAREDSTATEDIR:PATH=com

//Read-only single-machine data (etc)
CMAKE_INSTALL_SYSCONFDIR:PATH=etc

//Path to a program.
CMAKE_LINKER:FILEPATH=C:/Program Files/Microsoft Visual Studio/2022/Community/VC/Tools/MSVC/14.44.35207/bin/Hostx64/x64/link.exe

//Flags used by the linker during the creation of modules during
// all build types.
CMAKE_MODULE_LINKER_FLAGS:STRING=/machine:x64

//Flags used by the linker during the creation of modules during
// DEBUG builds.
CMAKE_MODULE_LINKER_FLAGS_DEBUG:STRING=/debug /INCREMENTAL

//Flags used by the linker during the creation of modules during
// MINSIZEREL builds.
CMAKE_MODULE_LINKER_FLAGS_MINSIZEREL:STRING=/INCREMENTAL:NO

//Flags used by the linker during the creation of modules during
// RELEASE builds.
CMAKE_MODULE_LINKER_FLAGS_RELEASE:STRING=/INCREMENTAL:NO

//Flags used by the linker during the creation of modules during
// RELWITHDEBINFO builds.
CMAKE_MODULE_LINKER_FLAGS_RELWITHDEBINFO:STRING=/debug /INCREMENTAL

//Path to a program.
CMAKE_MT:FILEPATH=CMAKE_MT-NOTFOUND

//Value Computed by CMake
CMAKE_PROJECT_DESCRIPTION:STATIC=

//Value Computed by CMake
CMAKE_PROJECT_HOMEPAGE_URL:STATIC=

//Value Computed by CMake
CMAKE_PROJECT_NAME:STATIC=nlopt

//RC compiler
CMAKE_RC_COMPILER:FILEPATH=rc

//Flags for Windows Resource Compiler during all build types.
CMAKE_RC_FLAGS:STRING=-DWIN32

//Flags for Windows Resource Compiler during DEBUG builds.
CMAKE_RC_FLAGS_DEBUG:STRING=-D_DEBUG

//Flags for Windows Resource Compiler during MINSIZEREL builds.
CMAKE_RC_FLAGS_MINSIZEREL:STRING=

//Flags for Windows Resource Compiler during RELEASE builds.
CMAKE_RC_FLAGS_RELEASE:STRING=

//Flags for Windows Resource Compiler during RELWITHDEBINFO builds.
CMAKE_RC_FLAGS_RELWITHDEBINFO:STRING=

//Flags used by the linker during the creation of shared libraries
// during all build types.
CMAKE_SHARED_LINKER_FLAGS:STRING=/machine:x64

//Flags used by the linker during the creation of shared libraries
// during DEBUG builds.
CMAKE_SHARED_LINKER_FLAGS_DEBUG:STRING=/debug /INCREMENTAL

//Flags used by the linker during the creation of shared libraries
// during MINSIZEREL builds.
CMAKE_SHARED_LINKER_FLAGS_MINSIZEREL:STRING=/INCREMENTAL:NO

//Flags used by the linker during the creation of shared libraries
// during RELEASE builds.
CMAKE_SHARED_LINKER_FLAGS_RELEASE:STRING=/INCREMENTAL:NO

//Flags used by the linker during the creation of shared libraries
// during RELWITHDEBINFO builds.
CMAKE_SHARED_LINKER_FLAGS_RELWITHDEBINFO:STRING=/debug /INCREMENTAL

//If set, runtime paths are not added when installing shared libraries,
// but are added when building.
CMAKE_SKIP_INSTALL_RPATH:BOOL=NO

//If set, runtime paths are not added when using shared libraries.
CMAKE_SKIP_RPATH:BOOL=NO

//Flags used by the linker during the creation of static libraries
// during all build types.
CMAKE_STATIC_LINKER_FLAGS:STRING=/machine:x64

//Flags used by the linker during the creation of static libraries
// during DEBUG builds.
CMAKE_STATIC_LINKER_FLAGS_DEBUG:STRING=

//Flags used by the linker during the creation of static libraries
// during MINSIZEREL builds.
CMAKE_STATIC_LINKER_FLAGS_MINSIZEREL:STRING=

//Flags used by the linker during the creation of static libraries
// during RELEASE builds.
CMAKE_STATIC_LINKER_FLAGS_RELEASE:STRING=

//Flags used by the linker during the creation of static libraries
// during RELWITHDEBINFO builds.
CMAKE_STATIC_LINKER_FLAGS_RELWITHDEBINFO:STRING=

//If this value is on, makefiles will be generated without the
// .SILENT directive, and all commands will be echoed to the console
// during the make.  This is useful for debugging only. With Visual
// Studio IDE projects all commands are done without /nologo.
CMAKE_VERBOSE_MAKEFILE:BOOL=FALSE

//Enable to build 7-Zip packages
CPACK_BINARY_7Z:BOOL=OFF

//Enable to build IFW packages
CPACK_BINARY_IFW:BOOL=OFF

//Enable to build Inno Setup packages
CPACK_BINARY_INNOSETUP:BOOL=OFF

//Enable to build NSIS packages
CPACK_BINARY_NSIS:BOOL=ON

//Enable to build NuGet packages
CPACK_BINARY_NUGET:BOOL=OFF

//STGZ
CPACK_BINARY_STGZ:BOOL=OFF

//TBZ2
CPACK_BINARY_TBZ2:BOOL=ON

//TGZ
CPACK_BINARY_TGZ:BOOL=ON

//TZ
CPACK_BINARY_TZ:BOOL=OFF

//Enable to build WiX packages
CPACK_BINARY_WIX:BOOL=OFF

//Enable to build ZIP packages
CPACK_BINARY_ZIP:BOOL=OFF

//Disable floating-point contractions
DISABLE_FP_CONTRACT:BOOL=ON

//Path to a file.
GMP_INCLUDE_DIR:PATH=GMP_INCLUDE_DIR-NOTFOUND

//Path to a program.
GUILE_CONFIG_EXECUTABLE:FILEPATH=GUILE_CONFIG_EXECUTABLE-NOTFOUND

//Path to a program.
GUILE_EXECUTABLE:FILEPATH=GUILE_EXECUTABLE-NOTFOUND

//Path to a file.
GUILE_INCLUDE_DIR:PATH=GUILE_INCLUDE_DIR-NOTFOUND

//Path to a library.
GUILE_LIBRARY:FILEPATH=GUILE_LIBRARY-NOTFOUND

//site packages dir
INSTALL_PYTHON_DIR:STRING=Lib/site-packages

//JNI include directory
JAVA_INCLUDE_PATH:PATH=JAVA_INCLUDE_PATH-NOTFOUND

//jni_md.h jniport.h include directory
JAVA_INCLUDE_PATH2:PATH=JAVA_INCLUDE_PATH2-NOTFOUND

//Java Virtual Machine library
JAVA_JVM_LIBRARY:FILEPATH=JAVA_JVM_LIBRARY-NOTFOUND

//Path to a program.
Java_IDLJ_EXECUTABLE:FILEPATH=Java_IDLJ_EXECUTABLE-NOTFOUND

//Path to a program.
Java_JARSIGNER_EXECUTABLE:FILEPATH=Java_JARSIGNER_EXECUTABLE-NOTFOUND

//Path to a program.
Java_JAR_EXECUTABLE:FILEPATH=Java_JAR_EXECUTABLE-NOTFOUND

//Path to a program.
Java_JAVAC_EXECUTABLE:FILEPATH=Java_JAVAC_EXECUTABLE-NOTFOUND

//Path to a program.
Java_JAVADOC_EXECUTABLE:FILEPATH=Java_JAVADOC_EXECUTABLE-NOTFOUND

//Path to a program.
Java_JAVAH_EXECUTABLE:FILEPATH=Java_JAVAH_EXECUTABLE-NOTFOUND

//Path to a program.
Java_JAVA_EXECUTABLE:FILEPATH=Java_JAVA_EXECUTABLE-NOTFOUND

//Path to a library.
M_LIBRARY:FILEPATH=M_LIBRARY-NOTFOUND

//enable cxx routines
NLOPT_CXX:BOOL=ON

//enable fortran
NLOPT_FORTRAN:BOOL=OFF

//build guile bindings
NLOPT_GUILE:BOOL=ON

//Installation directory for executables
NLOPT_INSTALL_BINDIR:STRING=bin

//Installation directory for cmake config files
NLOPT_INSTALL_CMAKEDIR:STRING=lib/cmake/nlopt

//Installation directory for data files
NLOPT_INSTALL_DATADIR:STRING=share/nlopt

//Installation directory for header files
NLOPT_INSTALL_INCLUDEDIR:STRING=include

//Installation directory for libraries
NLOPT_INSTALL_LIBDIR:STRING=lib

//Installation directory for man documentation
NLOPT_INSTALL_MANDIR:STRING=share/man

//build java bindings
NLOPT_JAVA:BOOL=ON

//enable LGPL Luksan solvers
NLOPT_LUKSAN:BOOL=ON

//build matlab bindings
NLOPT_MATLAB:BOOL=OFF

//build octave bindings
NLOPT_OCTAVE:BOOL=ON

//build python bindings
NLOPT_PYTHON:BOOL=ON

//Use Python stable ABI
NLOPT_PYTHON_SABI:BOOL=OFF

//use SWIG to build bindings
NLOPT_SWIG:BOOL=ON

//build unit tests
NLOPT_TESTS:BOOL=OFF

//Path to a program.
OCTAVE_CONFIG_EXECUTABLE:FILEPATH=OCTAVE_CONFIG_EXECUTABLE-NOTFOUND

//Path to a library.
OCTAVE_CRUFT_LIBRARY:FILEPATH=OCTAVE_CRUFT_LIBRARY-NOTFOUND

//Path to a program.
OCTAVE_EXECUTABLE:FILEPATH=OCTAVE_EXECUTABLE-NOTFOUND

//Path to a file.
OCTAVE_INCLUDE_DIR:PATH=OCTAVE_INCLUDE_DIR-NOTFOUND

//Path to a program.
OCTAVE_MKOCTFILE:FILEPATH=OCTAVE_MKOCTFILE-NOTFOUND

//Path to a library.
OCTAVE_OCTAVE_LIBRARY:FILEPATH=OCTAVE_OCTAVE_LIBRARY-NOTFOUND

//Path to a library.
OCTAVE_OCTINTERP_LIBRARY:FILEPATH=OCTAVE_OCTINTERP_LIBRARY-NOTFOUND

//Path to a program.
SWIG_EXECUTABLE:FILEPATH=SWIG_EXECUTABLE-NOTFOUND

//Thread local keyword
THREADLOCAL:STRING=__declspec(thread)

//check thread local keyword
WITH_THREADLOCAL:BOOL=ON

//Value Computed by CMake
nlopt_BINARY_DIR:STATIC=D:/GitHub/FastPlanner/files/nlopt-master/build

//Value Computed by CMake
nlopt_IS_TOP_LEVEL:STATIC=ON

//Value Computed by CMake
nlopt_SOURCE_DIR:STATIC=D:/GitHub/FastPlanner/files/nlopt-master


########################
# INTERNAL cache entries
########################

//ADVANCED property for variable: CMAKE_AR
CMAKE_AR-ADVANCED:INTERNAL=1
//This is the directory where this CMakeCache.txt was created
CMAKE_CACHEFILE_DIR:INTERNAL=d:/GitHub/FastPlanner/files/nlopt-master/build
//Major version of cmake used to create the current loaded cache
CMAKE_CACHE_MAJOR_VERSION:INTERNAL=3
//Minor version of cmake used to create the current loaded cache
CMAKE_CACHE_MINOR_VERSION:INTERNAL=31
//Patch version of cmake used to create the current loaded cache
CMAKE_CACHE_PATCH_VERSION:INTERNAL=10
//Path to CMake executable.
CMAKE_COMMAND:INTERNAL=C:/Program Files/CMake/bin/cmake.exe
//Path to cpack program executable.
CMAKE_CPACK_COMMAND:INTERNAL=C:/Program Files/CMake/bin/cpack.exe
//Path to ctest program executable.
CMAKE_CTEST_COMMAND:INTERNAL=C:/Program Files/CMake/bin/ctest.exe
//ADVANCED property for variable: CMAKE_CXX_FLAGS
CMAKE_CXX_FLAGS-ADVANCED:INTERNAL=1
//ADVANCED property for variable: CMAKE_CXX_FLAGS_DEBUG
CMAKE_CXX_FLAGS_DEBUG-ADVANCED:INTERNAL=1
//ADVANCED property for variable: CMAKE_CXX_FLAGS_MINSIZEREL
CMAKE_CXX_FLAGS_MINSIZEREL-ADVANCED:INTERNAL=1
//ADVANCED property for variable: CMAKE_CXX_FLAGS_RELEASE
CMAKE_CXX_FLAGS_RELEASE-ADVANCED:INTERNAL=1
//ADVANCED property for variable: CMAKE_CXX_FLAGS_RELWITHDEBINFO
CMAKE_CXX_FLAGS_RELWITHDEBINFO-ADVANCED:INTERNAL=1
//ADVANCED property for variable: CMAKE_CXX_STANDARD_LIBRARIES
CMAKE_CXX_STANDARD_LIBRARIES-ADVANCED:INTERNAL=1
//ADVANCED property for variable: CMAKE_C_FLAGS
CMAKE_C_FLAGS-ADVANCED:INTERNAL=1
//ADVANCED property for variable: CMAKE_C_FLAGS_DEBUG
CMAKE_C_FLAGS_DEBUG-ADVANCED:INTERNAL=1
//ADVANCED property for variable: CMAKE_C_FLAGS_MINSIZEREL
CMAKE_C_FLAGS_MINSIZEREL-ADVANCED:INTERNAL=1
//ADVANCED property for variable: CMAKE_C_FLAGS_RELEASE
CMAKE_C_FLAGS_RELEASE-ADVANCED:INTERNAL=1
//ADVANCED property for variable: CMAKE_C_FLAGS_RELWITHDEBINFO
CMAKE_C_FLAGS_RELWITHDEBINFO-ADVANCED:INTERNAL=1
//ADVANCED property for variable: CMAKE_C_STANDARD_LIBRARIES
CMAKE_C_STANDARD_LIBRARIES-ADVANCED:INTERNAL=1
//Executable file format
CMAKE_EXECUTABLE_FORMAT:INTERNAL=Unknown
//ADVANCED property for variable: CMAKE_EXE_LINKER_FLAGS
CMAKE_EXE_LINKER_FLAGS-ADVANCED:INTERNAL=1
//ADVANCED property for variable: CMAKE_EXE_LINKER_FLAGS_DEBUG
CMAKE_EXE_LINKER_FLAGS_DEBUG-ADVANCED:INTERNAL=1
//ADVANCED property for variable: CMAKE_EXE_LINKER_FLAGS_MINSIZEREL
CMAKE_EXE_LINKER_FLAGS_MINSIZEREL-ADVANCED:INTERNAL=1
//ADVANCED property for variable: CMAKE_EXE_LINKER_FLAGS_RELEASE
CMAKE_EXE_LINKER_FLAGS_RELEASE-ADVANCED:INTERNAL=1
//ADVANCED property for variable: CMAKE_EXE_LINKER_FLAGS_RELWITHDEBINFO
CMAKE_EXE_LINKER_FLAGS_RELWITHDEBINFO-ADVANCED:INTERNAL=1
//Name of external makefile project generator.
CMAKE_EXTRA_GENERATOR:INTERNAL=
//Name of generator.
CMAKE_GENERATOR:INTERNAL=Visual Studio 17 2022
//Generator instance identifier.
CMAKE_GENERATOR_INSTANCE:INTERNAL=C:/Program Files/Microsoft Visual Studio/2022/Community
//Name of generator platform.
CMAKE_GENERATOR_PLATFORM:INTERNAL=x64
//Name of generator toolset.
CMAKE_GENERATOR_TOOLSET:INTERNAL=
//Source directory with the top level CMakeLists.txt file for this
// project
CMAKE_HOME_DIRECTORY:INTERNAL=D:/GitHub/FastPlanner/files/nlopt-master
//ADVANCED property for variable: CMAKE_INSTALL_BINDIR
CMAKE_INSTALL_BINDIR-ADVANCED:INTERNAL=1
//ADVANCED property for variable: CMAKE_INSTALL_DATADIR
CMAKE_INSTALL_DATADIR-ADVANCED:INTERNAL=1
//ADVANCED property for variable: CMAKE_INSTALL_DATAROOTDIR
CMAKE_INSTALL_DATAROOTDIR-ADVANCED:INTERNAL=1
//ADVANCED property for variable: CMAKE_INSTALL_DOCDIR
CMAKE_INSTALL_DOCDIR-ADVANCED:INTERNAL=1
//ADVANCED property for variable: CMAKE_INSTALL_INCLUDEDIR
CMAKE_INSTALL_INCLUDEDIR-ADVANCED:INTERNAL=1
//ADVANCED property for variable: CMAKE_INSTALL_INFODIR
CMAKE_INSTALL_INFODIR-ADVANCED:INTERNAL=1
//ADVANCED property for variable: CMAKE_INSTALL_LIBDIR
CMAKE_INSTALL_LIBDIR-ADVANCED:INTERNAL=1
//ADVANCED property for variable: CMAKE_INSTALL_LIBEXECDIR
CMAKE_INSTALL_LIBEXECDIR-ADVANCED:INTERNAL=1
//ADVANCED property for variable: CMAKE_INSTALL_LOCALEDIR
CMAKE_INSTALL_LOCALEDIR-ADVANCED:INTERNAL=1
//ADVANCED property for variable: CMAKE_INSTALL_LOCALSTATEDIR
CMAKE_INSTALL_LOCALSTATEDIR-ADVANCED:INTERNAL=1
//ADVANCED property for variable: CMAKE_INSTALL_MANDIR
CMAKE_INSTALL_MANDIR-ADVANCED:INTERNAL=1
//ADVANCED property for variable: CMAKE_INSTALL_OLDINCLUDEDIR
CMAKE_INSTALL_OLDINCLUDEDIR-ADVANCED:INTERNAL=1
//ADVANCED property for variable: CMAKE_INSTALL_RUNSTATEDIR
CMAKE_INSTALL_RUNSTATEDIR-ADVANCED:INTERNAL=1
//ADVANCED property for variable: CMAKE_INSTALL_SBINDIR
CMAKE_INSTALL_SBINDIR-ADVANCED:INTERNAL=1
//ADVANCED property for variable: CMAKE_INSTALL_SHAREDSTATEDIR
CMAKE_INSTALL_SHAREDSTATEDIR-ADVANCED:INTERNAL=1
//ADVANCED property for variable: CMAKE_INSTALL_SYSCONFDIR
CMAKE_INSTALL_SYSCONFDIR-ADVANCED:INTERNAL=1
//ADVANCED property for variable: CMAKE_LINKER
CMAKE_LINKER-ADVANCED:INTERNAL=1
//ADVANCED property for variable: CMAKE_MODULE_LINKER_FLAGS
CMAKE_MODULE_LINKER_FLAGS-ADVANCED:INTERNAL=1
//ADVANCED property for variable: CMAKE_MODULE_LINKER_FLAGS_DEBUG
CMAKE_MODULE_LINKER_FLAGS_DEBUG-ADVANCED:INTERNAL=1
//ADVANCED property for variable: CMAKE_MODULE_LINKER_FLAGS_MINSIZEREL
CMAKE_MODULE_LINKER_FLAGS_MINSIZEREL-ADVANCED:INTERNAL=1
//ADVANCED property for variable: CMAKE_MODULE_LINKER_FLAGS_RELEASE
CMAKE_MODULE_LINKER_FLAGS_RELEASE-ADVANCED:INTERNAL=1
//ADVANCED property for variable: CMAKE_MODULE_LINKER_FLAGS_RELWITHDEBINFO
CMAKE_MODULE_LINKER_FLAGS_RELWITHDEBINFO-ADVANCED:INTERNAL=1
//ADVANCED property for variable: CMAKE_MT
CMAKE_MT-ADVANCED:INTERNAL=1
//number of local generators
CMAKE_NUMBER_OF_MAKEFILES:INTERNAL=1
//Platform information initialized
CMAKE_PLATFORM_INFO_INITIALIZED:INTERNAL=1
//noop for ranlib
CMAKE_RANLIB:INTERNAL=:
//ADVANCED property for variable: CMAKE_RC_COMPILER
CMAKE_RC_COMPILER-ADVANCED:INTERNAL=1
CMAKE_RC_COMPILER_WORKS:INTERNAL=1
//ADVANCED property for variable: CMAKE_RC_FLAGS
CMAKE_RC_FLAGS-ADVANCED:INTERNAL=1
//ADVANCED property for variable: CMAKE_RC_FLAGS_DEBUG
CMAKE_RC_FLAGS_DEBUG-ADVANCED:INTERNAL=1
//ADVANCED property for variable: CMAKE_RC_FLAGS_MINSIZEREL
CMAKE_RC_FLAGS_MINSIZEREL-ADVANCED:INTERNAL=1
//ADVANCED property for variable: CMAKE_RC_FLAGS_RELEASE
CMAKE_RC_FLAGS_RELEASE-ADVANCED:INTERNAL=1
//ADVANCED property for variable: CMAKE_RC_FLAGS_RELWITHDEBINFO
CMAKE_RC_FLAGS_RELWITHDEBINFO-ADVANCED:INTERNAL=1
//Path to CMake installation.
CMAKE_ROOT:INTERNAL=C:/Program Files/CMake/share/cmake-3.31
//ADVANCED property for variable: CMAKE_SHARED_LINKER_FLAGS
CMAKE_SHARED_LINKER_FLAGS-ADVANCED:INTERNAL=1
//ADVANCED property for variable: CMAKE_SHARED_LINKER_FLAGS_DEBUG
CMAKE_SHARED_LINKER_FLAGS_DEBUG-ADVANCED:INTERNAL=1
//ADVANCED property for variable: CMAKE_SHARED_LINKER_FLAGS_MINSIZEREL
CMAKE_SHARED_LINKER_FLAGS_MINSIZEREL-ADVANCED:INTERNAL=1
//ADVANCED property for variable: CMAKE_SHARED_LINKER_FLAGS_RELEASE
CMAKE_SHARED_LINKER_FLAGS_RELEASE-ADVANCED:INTERNAL=1
//ADVANCED property for variable: CMAKE_SHARED_LINKER_FLAGS_RELWITHDEBINFO
CMAKE_SHARED_LINKER_FLAGS_RELWITHDEBINFO-ADVANCED:INTERNAL=1
//ADVANCED property for variable: CMAKE_SKIP_INSTALL_RPATH
CMAKE_SKIP_INSTALL_RPATH-ADVANCED:INTERNAL=1
//ADVANCED property for variable: CMAKE_SKIP_RPATH
CMAKE_SKIP_RPATH-ADVANCED:INTERNAL=1
//ADVANCED property for variable: CMAKE_STATIC_LINKER_FLAGS
CMAKE_STATIC_LINKER_FLAGS-ADVANCED:INTERNAL=1
//ADVANCED property for variable: CMAKE_STATIC_LINKER_FLAGS_DEBUG
CMAKE_STATIC_LINKER_FLAGS_DEBUG-ADVANCED:INTERNAL=1
//ADVANCED property for variable: CMAKE_STATIC_LINKER_FLAGS_MINSIZEREL
CMAKE_STATIC_LINKER_FLAGS_MINSIZEREL-ADVANCED:INTERNAL=1
//ADVANCED property for variable: CMAKE_STATIC_LINKER_FLAGS_RELEASE
CMAKE_STATIC_LINKER_FLAGS_RELEASE-ADVANCED:INTERNAL=1
//ADVANCED property for variable: CMAKE_STATIC_LINKER_FLAGS_RELWITHDEBINFO
CMAKE_STATIC_LINKER_FLAGS_RELWITHDEBINFO-ADVANCED:INTERNAL=1
//ADVANCED property for variable: CMAKE_VERBOSE_MAKEFILE
CMAKE_VERBOSE_MAKEFILE-ADVANCED:INTERNAL=1
//ADVANCED property for variable: CPACK_BINARY_7Z
CPACK_BINARY_7Z-ADVANCED:INTERNAL=1
//ADVANCED property for variable: CPACK_BINARY_IFW
CPACK_BINARY_IFW-ADVANCED:INTERNAL=1
//ADVANCED property for variable: CPACK_BINARY_INNOSETUP
CPACK_BINARY_INNOSETUP-ADVANCED:INTERNAL=1
//ADVANCED property for variable: CPACK_BINARY_NSIS
CPACK_BINARY_NSIS-ADVANCED:INTERNAL=1
//ADVANCED property for variable: CPACK_BINARY_NUGET
CPACK_BINARY_NUGET-ADVANCED:INTERNAL=1
//ADVANCED property for variable: CPACK_BINARY_WIX
CPACK_BINARY_WIX-ADVANCED:INTERNAL=1
//ADVANCED property for variable: CPACK_BINARY_ZIP
CPACK_BINARY_ZIP-ADVANCED:INTERNAL=1
//Details about finding Python
FIND_PACKAGE_MESSAGE_DETAILS_Python:INTERNAL=[C:/Users/wboy8/AppData/Local/Programs/Python/Python311/python.exe][C:/Users/wboy8/AppData/Local/Programs/Python/Python311/libs/python311.lib][C:/Users/wboy8/AppData/Local/Programs/Python/Python311/include][C:/Users/wboy8/AppData/Local/Programs/Python/Python311/Lib/site-packages/numpy/_core/include][cfound components: Interpreter Development.Module NumPy ][v3.11.9(3.6)]
//ADVANCED property for variable: GUILE_INCLUDE_DIR
GUILE_INCLUDE_DIR-ADVANCED:INTERNAL=1
//ADVANCED property for variable: GUILE_LIBRARY
GUILE_LIBRARY-ADVANCED:INTERNAL=1
//Have function copysign
HAVE_COPYSIGN:INTERNAL=1
//Result of TRY_COMPILE
HAVE_FPCLASSIFY:INTERNAL=FALSE
//Have function getopt
HAVE_GETOPT:INTERNAL=
//Have include getopt.h
HAVE_GETOPT_H:INTERNAL=
//Have function getpid
HAVE_GETPID:INTERNAL=1
//Have function syscall
HAVE_GETTID_SYSCALL:INTERNAL=
//Have function gettimeofday
HAVE_GETTIMEOFDAY:INTERNAL=
//Have function isinf
HAVE_ISINF:INTERNAL=
//Have function isnan
HAVE_ISNAN:INTERNAL=
//Have function qsort_r
HAVE_QSORT_R:INTERNAL=
//Result of TRY_COMPILE
HAVE_SIZEOF_UINT32_T:INTERNAL=TRUE
//Result of TRY_COMPILE
HAVE_SIZEOF_UNSIGNED_INT:INTERNAL=TRUE
//Result of TRY_COMPILE
HAVE_SIZEOF_UNSIGNED_LONG:INTERNAL=TRUE
//Have include stddef.h
HAVE_STDDEF_H:INTERNAL=1
//Have include stdint.h
HAVE_STDINT_H:INTERNAL=1
//Have include sys/time.h
HAVE_SYS_TIME_H:INTERNAL=
//Have include sys/types.h
HAVE_SYS_TYPES_H:INTERNAL=1
//Test HAVE_THREAD_LOCAL_STORAGE
HAVE_THREAD_LOCAL_STORAGE:INTERNAL=1
//Have function time
HAVE_TIME:INTERNAL=1
//Have include time.h
HAVE_TIME_H:INTERNAL=1
//Have include unistd.h
HAVE_UNISTD_H:INTERNAL=
//ADVANCED property for variable: JAVA_INCLUDE_PATH
JAVA_INCLUDE_PATH-ADVANCED:INTERNAL=1
//ADVANCED property for variable: JAVA_INCLUDE_PATH2
JAVA_INCLUDE_PATH2-ADVANCED:INTERNAL=1
//ADVANCED property for variable: JAVA_JVM_LIBRARY
JAVA_JVM_LIBRARY-ADVANCED:INTERNAL=1
//ADVANCED property for variable: Java_IDLJ_EXECUTABLE
Java_IDLJ_EXECUTABLE-ADVANCED:INTERNAL=1
//ADVANCED property for variable: Java_JARSIGNER_EXECUTABLE
Java_JARSIGNER_EXECUTABLE-ADVANCED:INTERNAL=1
//ADVANCED property for variable: Java_JAR_EXECUTABLE
Java_JAR_EXECUTABLE-ADVANCED:INTERNAL=1
//ADVANCED property for variable: Java_JAVAC_EXECUTABLE
Java_JAVAC_EXECUTABLE-ADVANCED:INTERNAL=1
//ADVANCED property for variable: Java_JAVADOC_EXECUTABLE
Java_JAVADOC_EXECUTABLE-ADVANCED:INTERNAL=1
//ADVANCED property for variable: Java_JAVAH_EXECUTABLE
Java_JAVAH_EXECUTABLE-ADVANCED:INTERNAL=1
//ADVANCED property for variable: Java_JAVA_EXECUTABLE
Java_JAVA_EXECUTABLE-ADVANCED:INTERNAL=1
//ADVANCED property for variable: OCTAVE_CRUFT_LIBRARY
OCTAVE_CRUFT_LIBRARY-ADVANCED:INTERNAL=1
//ADVANCED property for variable: OCTAVE_INCLUDE_DIR
OCTAVE_INCLUDE_DIR-ADVANCED:INTERNAL=1
//ADVANCED property for variable: OCTAVE_OCTAVE_LIBRARY
OCTAVE_OCTAVE_LIBRARY-ADVANCED:INTERNAL=1
//ADVANCED property for variable: OCTAVE_OCTINTERP_LIBRARY
OCTAVE_OCTINTERP_LIBRARY-ADVANCED:INTERNAL=1
//CHECK_TYPE_SIZE: sizeof(uint32_t)
SIZEOF_UINT32_T:INTERNAL=4
//CHECK_TYPE_SIZE: sizeof(unsigned int)
SIZEOF_UNSIGNED_INT:INTERNAL=4
//CHECK_TYPE_SIZE: sizeof(unsigned long)
SIZEOF_UNSIGNED_LONG:INTERNAL=4
//ADVANCED property for variable: SWIG_EXECUTABLE
SWIG_EXECUTABLE-ADVANCED:INTERNAL=1
//CMAKE_INSTALL_PREFIX during last run
_GNUInstallDirs_LAST_CMAKE_INSTALL_PREFIX:INTERNAL=D:/GitHub/FastPlanner/$nlopt_install
//Compiler reason failure
_Python_Compiler_REASON_FAILURE:INTERNAL=
_Python_DEVELOPMENT_MODULE_SIGNATURE:INTERNAL=ea1c7bdc491e2ba1b4242e8593328130
//Development reason failure
_Python_Development_REASON_FAILURE:INTERNAL=
//Path to a program.
_Python_EXECUTABLE:INTERNAL=C:/Users/wboy8/AppData/Local/Programs/Python/Python311/python.exe
//Path to a program.
_Python_EXECUTABLE_DEBUG:INTERNAL=_Python_EXECUTABLE_DEBUG-NOTFOUND
//Path to a file.
_Python_INCLUDE_DIR:INTERNAL=C:/Users/wboy8/AppData/Local/Programs/Python/Python311/include
//Python Properties
_Python_INTERPRETER_PROPERTIES:INTERNAL=Python;3;11;9;64;<none>;cp311-win_amd64;;C:\Users\wboy8\AppData\Local\Programs\Python\Python311\Lib;C:\Users\wboy8\AppData\Local\Programs\Python\Python311\Lib;C:\Users\wboy8\AppData\Local\Programs\Python\Python311\Lib\site-packages;C:\Users\wboy8\AppData\Local\Programs\Python\Python311\Lib\site-packages
_Python_INTERPRETER_SIGNATURE:INTERNAL=e3439d4582b136f4a0eec6dc7cb5e5ab
//Interpreter reason failure
_Python_Interpreter_REASON_FAILURE:INTERNAL=
//Path to a library.
_Python_LIBRARY_DEBUG:INTERNAL=_Python_LIBRARY_DEBUG-NOTFOUND
//Path to a library.
_Python_LIBRARY_RELEASE:INTERNAL=C:/Users/wboy8/AppData/Local/Programs/Python/Python311/libs/python311.lib
_Python_NUMPY_SIGNATURE:INTERNAL=65d1d8af2474f2740e62b0c5ecc6c44b
//Path to a file.
_Python_NumPy_INCLUDE_DIR:INTERNAL=C:/Users/wboy8/AppData/Local/Programs/Python/Python311/Lib/site-packages/numpy/_core/include
//Path to a library.
_Python_RUNTIME_LIBRARY_RELEASE:INTERNAL=C:/Users/wboy8/AppData/Local/Programs/Python/Python311/python311.dll

